
> vibe-generated-app@1.0.0 dev
> vite


  VITE v5.4.20  ready in 297 ms

  ➜  Local:   http://localhost:3000/
  ➜  Network: http://172.20.4.235:3000/
6:33:45 AM [vite] Pre-transform error: Transform failed with 1 error:
/home/workspace/src/components/ContactSection.jsx:12:39: ERROR: Expected ";" but found "as"
6:33:47 AM [vite] Internal server error: Transform failed with 1 error:
/home/workspace/src/components/ContactSection.jsx:12:39: ERROR: Expected ";" but found "as"
  Plugin: vite:esbuild
  File: /home/workspace/src/components/ContactSection.jsx:12:39
  
  Expected ";" but found "as"
  10 |          onSubmit={(e) => {
  11 |            e.preventDefault();
  12 |            const form = e.currentTarget as HTMLFormElement;
     |                                         ^
  13 |            form.reset();
  14 |            alert("Thanks! We'll get back to you shortly.");
  
      at failureErrorWithLog (/home/workspace/node_modules/esbuild/lib/main.js:1472:15)
      at /home/workspace/node_modules/esbuild/lib/main.js:755:50
      at responseCallbacks.<computed> (/home/workspace/node_modules/esbuild/lib/main.js:622:9)
      at handleIncomingPacket (/home/workspace/node_modules/esbuild/lib/main.js:677:12)
      at Socket.readFromStdout (/home/workspace/node_modules/esbuild/lib/main.js:600:7)
      at Socket.emit (node:events:508:28)
      at addChunk (node:internal/streams/readable:559:12)
      at readableAddChunkPushByteMode (node:internal/streams/readable:510:3)
      at Readable.push (node:internal/streams/readable:390:5)
      at Pipe.onStreamRead (node:internal/stream_base_commons:189:23)
